A51 MACRO ASSEMBLER  CONOPERA                                                             08/06/2019 09:14:16 PAGE     1


MACRO ASSEMBLER A51 V8.2.7.0
OBJECT MODULE PLACED IN .\Objects\conopera.obj
ASSEMBLER INVOKED BY: C:\Keil_v5\C51\BIN\A51.EXE ..\Desktop\conopera.asm SET(SMALL) DEBUG PRINT(.\Listings\conopera.lst)
                       OBJECT(.\Objects\conopera.obj) EP

LOC  OBJ            LINE     SOURCE

0000                   1     ORG 00h
0000 7850              2     MOV R0,#50H
0002 E6                3     MOV A,@R0
0003 753001            4     MOV 30H,#01H
0006 B53005            5     CJNE A,30H,LOOP1
0009 7580FF            6     MOV P0,#0FFH
000C 8003              7     SJMP LOOP2
000E 758000            8     LOOP1: MOV P0,#00H
0011                   9     LOOP2:
                      10     END
A51 MACRO ASSEMBLER  CONOPERA                                                             08/06/2019 09:14:16 PAGE     2

SYMBOL TABLE LISTING
------ ----- -------


N A M E             T Y P E  V A L U E   ATTRIBUTES

LOOP1. . . . . . .  C ADDR   000EH   A   
LOOP2. . . . . . .  C ADDR   0011H   A   
P0 . . . . . . . .  D ADDR   0080H   A   


REGISTER BANK(S) USED: 0 


ASSEMBLY COMPLETE.  0 WARNING(S), 0 ERROR(S)
